150209 04:46:28 mysqld_safe Starting mysqld daemon with databases from /home/action/.parts/var/mysql
2015-02-09 04:46:29 0 [Warning] TIMESTAMP with implicit DEFAULT value is deprecated. Please use --explicit_defaults_for_timestamp server option (see documentation for more details).
2015-02-09 04:46:29 480 [Note] Plugin 'FEDERATED' is disabled.
2015-02-09 04:46:29 480 [Note] InnoDB: The InnoDB memory heap is disabled
2015-02-09 04:46:29 480 [Note] InnoDB: Mutexes and rw_locks use GCC atomic builtins
2015-02-09 04:46:29 480 [Note] InnoDB: Compressed tables use zlib 1.2.3
2015-02-09 04:46:29 480 [Note] InnoDB: Using CPU crc32 instructions
2015-02-09 04:46:29 480 [Note] InnoDB: Initializing buffer pool, size = 128.0M
2015-02-09 04:46:29 480 [Note] InnoDB: Completed initialization of buffer pool
2015-02-09 04:46:29 480 [Note] InnoDB: Highest supported file format is Barracuda.
2015-02-09 04:46:29 480 [Note] InnoDB: The log sequence numbers 1625987 and 1625987 in ibdata files do not match the log sequence number 1625997 in the ib_logfiles!
2015-02-09 04:46:29 480 [Note] InnoDB: Database was not shutdown normally!
2015-02-09 04:46:29 480 [Note] InnoDB: Starting crash recovery.
2015-02-09 04:46:29 480 [Note] InnoDB: Reading tablespace information from the .ibd files...
2015-02-09 04:46:29 480 [Note] InnoDB: Restoring possible half-written data pages 
2015-02-09 04:46:29 480 [Note] InnoDB: from the doublewrite buffer...
2015-02-09 04:46:31 480 [Note] InnoDB: 128 rollback segment(s) are active.
2015-02-09 04:46:31 480 [Note] InnoDB: Waiting for purge to start
2015-02-09 04:46:31 480 [Note] InnoDB: 5.6.13 started; log sequence number 1625997
2015-02-09 04:46:31 480 [Note] RSA private key file not found: /home/action/.parts/var/mysql//private_key.pem. Some authentication plugins will not work.
2015-02-09 04:46:31 480 [Note] RSA public key file not found: /home/action/.parts/var/mysql//public_key.pem. Some authentication plugins will not work.
2015-02-09 04:46:31 480 [Note] Server hostname (bind-address): '*'; port: 3306
2015-02-09 04:46:31 480 [Note] IPv6 is available.
2015-02-09 04:46:31 480 [Note]   - '::' resolves to '::';
2015-02-09 04:46:31 480 [Note] Server socket created on IP: '::'.
2015-02-09 04:46:31 480 [Note] Event Scheduler: Loaded 0 events
2015-02-09 04:46:31 480 [Note] /home/action/.parts/packages/mysql/5.6.13/bin/mysqld: ready for connections.
Version: '5.6.13'  socket: '/tmp/mysql.sock'  port: 3306  Source distribution
Killed
150209 06:35:35 mysqld_safe Number of processes running now: 0
150209 06:35:35 mysqld_safe mysqld restarted
2015-02-09 06:35:37 0 [Warning] TIMESTAMP with implicit DEFAULT value is deprecated. Please use --explicit_defaults_for_timestamp server option (see documentation for more details).
2015-02-09 06:35:37 12267 [Note] Plugin 'FEDERATED' is disabled.
2015-02-09 06:35:37 12267 [Note] InnoDB: The InnoDB memory heap is disabled
2015-02-09 06:35:37 12267 [Note] InnoDB: Mutexes and rw_locks use GCC atomic builtins
2015-02-09 06:35:37 12267 [Note] InnoDB: Compressed tables use zlib 1.2.3
2015-02-09 06:35:37 12267 [Note] InnoDB: Using CPU crc32 instructions
2015-02-09 06:35:37 12267 [Note] InnoDB: Initializing buffer pool, size = 128.0M
2015-02-09 06:35:37 12267 [Note] InnoDB: Completed initialization of buffer pool
2015-02-09 06:35:37 12267 [Note] InnoDB: Highest supported file format is Barracuda.
2015-02-09 06:35:37 12267 [Note] InnoDB: The log sequence numbers 1625987 and 1625987 in ibdata files do not match the log sequence number 1626007 in the ib_logfiles!
2015-02-09 06:35:37 12267 [Note] InnoDB: Database was not shutdown normally!
2015-02-09 06:35:37 12267 [Note] InnoDB: Starting crash recovery.
2015-02-09 06:35:37 12267 [Note] InnoDB: Reading tablespace information from the .ibd files...
2015-02-09 06:35:37 12267 [Note] InnoDB: Restoring possible half-written data pages 
2015-02-09 06:35:37 12267 [Note] InnoDB: from the doublewrite buffer...
2015-02-09 06:35:37 12267 [Note] InnoDB: 128 rollback segment(s) are active.
2015-02-09 06:35:37 12267 [Note] InnoDB: Waiting for purge to start
2015-02-09 06:35:37 12267 [Note] InnoDB: 5.6.13 started; log sequence number 1626007
2015-02-09 06:35:37 12267 [Note] RSA private key file not found: /home/action/.parts/var/mysql//private_key.pem. Some authentication plugins will not work.
2015-02-09 06:35:37 12267 [Note] RSA public key file not found: /home/action/.parts/var/mysql//public_key.pem. Some authentication plugins will not work.
2015-02-09 06:35:37 12267 [Note] Server hostname (bind-address): '*'; port: 3306
2015-02-09 06:35:37 12267 [Note] IPv6 is available.
2015-02-09 06:35:37 12267 [Note]   - '::' resolves to '::';
2015-02-09 06:35:37 12267 [Note] Server socket created on IP: '::'.
2015-02-09 06:35:37 12267 [Note] Event Scheduler: Loaded 0 events
2015-02-09 06:35:37 12267 [Note] /home/action/.parts/packages/mysql/5.6.13/bin/mysqld: ready for connections.
Version: '5.6.13'  socket: '/tmp/mysql.sock'  port: 3306  Source distribution
Killed
150209 06:44:40 mysqld_safe Number of processes running now: 0
150209 06:44:40 mysqld_safe mysqld restarted
2015-02-09 06:44:42 0 [Warning] TIMESTAMP with implicit DEFAULT value is deprecated. Please use --explicit_defaults_for_timestamp server option (see documentation for more details).
2015-02-09 06:44:42 12328 [Note] Plugin 'FEDERATED' is disabled.
2015-02-09 06:44:42 12328 [Note] InnoDB: The InnoDB memory heap is disabled
2015-02-09 06:44:42 12328 [Note] InnoDB: Mutexes and rw_locks use GCC atomic builtins
2015-02-09 06:44:42 12328 [Note] InnoDB: Compressed tables use zlib 1.2.3
2015-02-09 06:44:42 12328 [Note] InnoDB: Using CPU crc32 instructions
2015-02-09 06:44:42 12328 [Note] InnoDB: Initializing buffer pool, size = 128.0M
2015-02-09 06:44:42 12328 [Note] InnoDB: Completed initialization of buffer pool
2015-02-09 06:44:42 12328 [Note] InnoDB: Highest supported file format is Barracuda.
2015-02-09 06:44:42 12328 [Note] InnoDB: The log sequence numbers 1625987 and 1625987 in ibdata files do not match the log sequence number 1626017 in the ib_logfiles!
2015-02-09 06:44:42 12328 [Note] InnoDB: Database was not shutdown normally!
2015-02-09 06:44:42 12328 [Note] InnoDB: Starting crash recovery.
2015-02-09 06:44:42 12328 [Note] InnoDB: Reading tablespace information from the .ibd files...
2015-02-09 06:44:42 12328 [Note] InnoDB: Restoring possible half-written data pages 
2015-02-09 06:44:42 12328 [Note] InnoDB: from the doublewrite buffer...
2015-02-09 06:44:42 12328 [Note] InnoDB: 128 rollback segment(s) are active.
2015-02-09 06:44:42 12328 [Note] InnoDB: Waiting for purge to start
2015-02-09 06:44:42 12328 [Note] InnoDB: 5.6.13 started; log sequence number 1626017
2015-02-09 06:44:42 12328 [Note] RSA private key file not found: /home/action/.parts/var/mysql//private_key.pem. Some authentication plugins will not work.
2015-02-09 06:44:42 12328 [Note] RSA public key file not found: /home/action/.parts/var/mysql//public_key.pem. Some authentication plugins will not work.
2015-02-09 06:44:42 12328 [Note] Server hostname (bind-address): '*'; port: 3306
2015-02-09 06:44:42 12328 [Note] IPv6 is available.
2015-02-09 06:44:42 12328 [Note]   - '::' resolves to '::';
2015-02-09 06:44:42 12328 [Note] Server socket created on IP: '::'.
2015-02-09 06:44:42 12328 [Note] Event Scheduler: Loaded 0 events
2015-02-09 06:44:42 12328 [Note] /home/action/.parts/packages/mysql/5.6.13/bin/mysqld: ready for connections.
Version: '5.6.13'  socket: '/tmp/mysql.sock'  port: 3306  Source distribution
Killed
150209 06:49:28 mysqld_safe Number of processes running now: 0
150209 06:49:28 mysqld_safe mysqld restarted
2015-02-09 06:49:30 0 [Warning] TIMESTAMP with implicit DEFAULT value is deprecated. Please use --explicit_defaults_for_timestamp server option (see documentation for more details).
2015-02-09 06:49:30 12397 [Note] Plugin 'FEDERATED' is disabled.
2015-02-09 06:49:30 12397 [Note] InnoDB: The InnoDB memory heap is disabled
2015-02-09 06:49:30 12397 [Note] InnoDB: Mutexes and rw_locks use GCC atomic builtins
2015-02-09 06:49:30 12397 [Note] InnoDB: Compressed tables use zlib 1.2.3
2015-02-09 06:49:30 12397 [Note] InnoDB: Using CPU crc32 instructions
2015-02-09 06:49:30 12397 [Note] InnoDB: Initializing buffer pool, size = 128.0M
2015-02-09 06:49:30 12397 [Note] InnoDB: Completed initialization of buffer pool
2015-02-09 06:49:30 12397 [Note] InnoDB: Highest supported file format is Barracuda.
2015-02-09 06:49:30 12397 [Note] InnoDB: The log sequence numbers 1625987 and 1625987 in ibdata files do not match the log sequence number 1626027 in the ib_logfiles!
2015-02-09 06:49:30 12397 [Note] InnoDB: Database was not shutdown normally!
2015-02-09 06:49:30 12397 [Note] InnoDB: Starting crash recovery.
2015-02-09 06:49:30 12397 [Note] InnoDB: Reading tablespace information from the .ibd files...
2015-02-09 06:49:30 12397 [Note] InnoDB: Restoring possible half-written data pages 
2015-02-09 06:49:30 12397 [Note] InnoDB: from the doublewrite buffer...
2015-02-09 06:49:30 12397 [Note] InnoDB: 128 rollback segment(s) are active.
2015-02-09 06:49:30 12397 [Note] InnoDB: Waiting for purge to start
2015-02-09 06:49:30 12397 [Note] InnoDB: 5.6.13 started; log sequence number 1626027
2015-02-09 06:49:30 12397 [Note] RSA private key file not found: /home/action/.parts/var/mysql//private_key.pem. Some authentication plugins will not work.
2015-02-09 06:49:30 12397 [Note] RSA public key file not found: /home/action/.parts/var/mysql//public_key.pem. Some authentication plugins will not work.
2015-02-09 06:49:30 12397 [Note] Server hostname (bind-address): '*'; port: 3306
2015-02-09 06:49:30 12397 [Note] IPv6 is available.
2015-02-09 06:49:30 12397 [Note]   - '::' resolves to '::';
2015-02-09 06:49:30 12397 [Note] Server socket created on IP: '::'.
2015-02-09 06:49:30 12397 [Note] Event Scheduler: Loaded 0 events
2015-02-09 06:49:30 12397 [Note] /home/action/.parts/packages/mysql/5.6.13/bin/mysqld: ready for connections.
Version: '5.6.13'  socket: '/tmp/mysql.sock'  port: 3306  Source distribution
Killed
150209 07:01:06 mysqld_safe Number of processes running now: 0
150209 07:01:06 mysqld_safe mysqld restarted
2015-02-09 07:01:07 0 [Warning] TIMESTAMP with implicit DEFAULT value is deprecated. Please use --explicit_defaults_for_timestamp server option (see documentation for more details).
2015-02-09 07:01:07 12596 [Note] Plugin 'FEDERATED' is disabled.
2015-02-09 07:01:07 12596 [Note] InnoDB: The InnoDB memory heap is disabled
2015-02-09 07:01:07 12596 [Note] InnoDB: Mutexes and rw_locks use GCC atomic builtins
2015-02-09 07:01:07 12596 [Note] InnoDB: Compressed tables use zlib 1.2.3
2015-02-09 07:01:07 12596 [Note] InnoDB: Using CPU crc32 instructions
2015-02-09 07:01:07 12596 [Note] InnoDB: Initializing buffer pool, size = 128.0M
2015-02-09 07:01:07 12596 [Note] InnoDB: Completed initialization of buffer pool
2015-02-09 07:01:07 12596 [Note] InnoDB: Highest supported file format is Barracuda.
2015-02-09 07:01:07 12596 [Note] InnoDB: The log sequence numbers 1625987 and 1625987 in ibdata files do not match the log sequence number 1626037 in the ib_logfiles!
2015-02-09 07:01:07 12596 [Note] InnoDB: Database was not shutdown normally!
2015-02-09 07:01:07 12596 [Note] InnoDB: Starting crash recovery.
2015-02-09 07:01:07 12596 [Note] InnoDB: Reading tablespace information from the .ibd files...
2015-02-09 07:01:07 12596 [Note] InnoDB: Restoring possible half-written data pages 
2015-02-09 07:01:07 12596 [Note] InnoDB: from the doublewrite buffer...
2015-02-09 07:01:07 12596 [Note] InnoDB: 128 rollback segment(s) are active.
2015-02-09 07:01:07 12596 [Note] InnoDB: Waiting for purge to start
2015-02-09 07:01:07 12596 [Note] InnoDB: 5.6.13 started; log sequence number 1626037
2015-02-09 07:01:07 12596 [Note] RSA private key file not found: /home/action/.parts/var/mysql//private_key.pem. Some authentication plugins will not work.
2015-02-09 07:01:07 12596 [Note] RSA public key file not found: /home/action/.parts/var/mysql//public_key.pem. Some authentication plugins will not work.
2015-02-09 07:01:07 12596 [Note] Server hostname (bind-address): '*'; port: 3306
2015-02-09 07:01:07 12596 [Note] IPv6 is available.
2015-02-09 07:01:07 12596 [Note]   - '::' resolves to '::';
2015-02-09 07:01:07 12596 [Note] Server socket created on IP: '::'.
2015-02-09 07:01:07 12596 [Note] Event Scheduler: Loaded 0 events
2015-02-09 07:01:07 12596 [Note] /home/action/.parts/packages/mysql/5.6.13/bin/mysqld: ready for connections.
Version: '5.6.13'  socket: '/tmp/mysql.sock'  port: 3306  Source distribution
Killed
150209 07:24:29 mysqld_safe Number of processes running now: 0
150209 07:24:29 mysqld_safe mysqld restarted
2015-02-09 07:24:31 0 [Warning] TIMESTAMP with implicit DEFAULT value is deprecated. Please use --explicit_defaults_for_timestamp server option (see documentation for more details).
2015-02-09 07:24:31 12916 [Note] Plugin 'FEDERATED' is disabled.
2015-02-09 07:24:31 12916 [Note] InnoDB: The InnoDB memory heap is disabled
2015-02-09 07:24:31 12916 [Note] InnoDB: Mutexes and rw_locks use GCC atomic builtins
2015-02-09 07:24:31 12916 [Note] InnoDB: Compressed tables use zlib 1.2.3
2015-02-09 07:24:31 12916 [Note] InnoDB: Using CPU crc32 instructions
2015-02-09 07:24:31 12916 [Note] InnoDB: Initializing buffer pool, size = 128.0M
2015-02-09 07:24:31 12916 [Note] InnoDB: Completed initialization of buffer pool
2015-02-09 07:24:31 12916 [Note] InnoDB: Highest supported file format is Barracuda.
Killed
150209 07:24:31 mysqld_safe mysqld from pid file /home/action/.parts/var/mysql/intense-thunder-13-192951.pid ended
150209 08:06:21 mysqld_safe Starting mysqld daemon with databases from /home/action/.parts/var/mysql
2015-02-09 08:06:21 0 [Warning] TIMESTAMP with implicit DEFAULT value is deprecated. Please use --explicit_defaults_for_timestamp server option (see documentation for more details).
2015-02-09 08:06:21 13947 [Warning] Buffered warning: Changed limits: max_open_files: 512 (requested 5000)

2015-02-09 08:06:21 13947 [Warning] Buffered warning: Changed limits: table_cache: 400 (requested 2000)

2015-02-09 08:06:21 13947 [Note] Plugin 'FEDERATED' is disabled.
2015-02-09 08:06:21 13947 [Note] InnoDB: The InnoDB memory heap is disabled
2015-02-09 08:06:21 13947 [Note] InnoDB: Mutexes and rw_locks use GCC atomic builtins
2015-02-09 08:06:21 13947 [Note] InnoDB: Compressed tables use zlib 1.2.3
2015-02-09 08:06:21 13947 [Note] InnoDB: Using CPU crc32 instructions
2015-02-09 08:06:21 13947 [Note] InnoDB: Initializing buffer pool, size = 128.0M
2015-02-09 08:06:22 13947 [Note] InnoDB: Completed initialization of buffer pool
2015-02-09 08:06:22 13947 [Note] InnoDB: Highest supported file format is Barracuda.
2015-02-09 08:06:22 13947 [Note] InnoDB: The log sequence numbers 1625987 and 1625987 in ibdata files do not match the log sequence number 1626047 in the ib_logfiles!
2015-02-09 08:06:22 13947 [Note] InnoDB: Database was not shutdown normally!
2015-02-09 08:06:22 13947 [Note] InnoDB: Starting crash recovery.
2015-02-09 08:06:22 13947 [Note] InnoDB: Reading tablespace information from the .ibd files...
2015-02-09 08:06:22 13947 [Note] InnoDB: Restoring possible half-written data pages 
2015-02-09 08:06:22 13947 [Note] InnoDB: from the doublewrite buffer...
2015-02-09 08:06:22 13947 [Note] InnoDB: 128 rollback segment(s) are active.
2015-02-09 08:06:22 13947 [Note] InnoDB: Waiting for purge to start
2015-02-09 08:06:22 13947 [Note] InnoDB: 5.6.13 started; log sequence number 1626047
2015-02-09 08:06:22 13947 [Note] RSA private key file not found: /home/action/.parts/var/mysql//private_key.pem. Some authentication plugins will not work.
2015-02-09 08:06:22 13947 [Note] RSA public key file not found: /home/action/.parts/var/mysql//public_key.pem. Some authentication plugins will not work.
2015-02-09 08:06:22 13947 [Note] Server hostname (bind-address): '*'; port: 3306
2015-02-09 08:06:22 13947 [Note] IPv6 is available.
2015-02-09 08:06:22 13947 [Note]   - '::' resolves to '::';
2015-02-09 08:06:22 13947 [Note] Server socket created on IP: '::'.
2015-02-09 08:06:22 13947 [Note] Event Scheduler: Loaded 0 events
2015-02-09 08:06:22 13947 [Note] /home/action/.parts/packages/mysql/5.6.13/bin/mysqld: ready for connections.
Version: '5.6.13'  socket: '/tmp/mysql.sock'  port: 3306  Source distribution
2015-02-09 10:00:41 13947 [Note] /home/action/.parts/packages/mysql/5.6.13/bin/mysqld: Normal shutdown

2015-02-09 10:00:41 13947 [Note] Giving 0 client threads a chance to die gracefully
2015-02-09 10:00:41 13947 [Note] Event Scheduler: Purging the queue. 0 events
2015-02-09 10:00:41 13947 [Note] Shutting down slave threads
2015-02-09 10:00:41 13947 [Note] Forcefully disconnecting 0 remaining clients
2015-02-09 10:00:41 13947 [Note] Binlog end
2015-02-09 10:00:41 13947 [Note] Shutting down plugin 'partition'
2015-02-09 10:00:41 13947 [Note] Shutting down plugin 'ARCHIVE'
2015-02-09 10:00:41 13947 [Note] Shutting down plugin 'PERFORMANCE_SCHEMA'
2015-02-09 10:00:41 13947 [Note] Shutting down plugin 'INNODB_SYS_DATAFILES'
2015-02-09 10:00:41 13947 [Note] Shutting down plugin 'INNODB_SYS_TABLESPACES'
2015-02-09 10:00:41 13947 [Note] Shutting down plugin 'INNODB_SYS_FOREIGN_COLS'
2015-02-09 10:00:41 13947 [Note] Shutting down plugin 'INNODB_SYS_FOREIGN'
2015-02-09 10:00:41 13947 [Note] Shutting down plugin 'INNODB_SYS_FIELDS'
2015-02-09 10:00:41 13947 [Note] Shutting down plugin 'INNODB_SYS_COLUMNS'
2015-02-09 10:00:41 13947 [Note] Shutting down plugin 'INNODB_SYS_INDEXES'
2015-02-09 10:00:41 13947 [Note] Shutting down plugin 'INNODB_SYS_TABLESTATS'
2015-02-09 10:00:41 13947 [Note] Shutting down plugin 'INNODB_SYS_TABLES'
2015-02-09 10:00:41 13947 [Note] Shutting down plugin 'INNODB_FT_INDEX_TABLE'
2015-02-09 10:00:41 13947 [Note] Shutting down plugin 'INNODB_FT_INDEX_CACHE'
2015-02-09 10:00:41 13947 [Note] Shutting down plugin 'INNODB_FT_CONFIG'
2015-02-09 10:00:41 13947 [Note] Shutting down plugin 'INNODB_FT_BEING_DELETED'
2015-02-09 10:00:41 13947 [Note] Shutting down plugin 'INNODB_FT_DELETED'
2015-02-09 10:00:41 13947 [Note] Shutting down plugin 'INNODB_FT_DEFAULT_STOPWORD'
2015-02-09 10:00:41 13947 [Note] Shutting down plugin 'INNODB_METRICS'
2015-02-09 10:00:41 13947 [Note] Shutting down plugin 'INNODB_BUFFER_POOL_STATS'
2015-02-09 10:00:41 13947 [Note] Shutting down plugin 'INNODB_BUFFER_PAGE_LRU'
2015-02-09 10:00:41 13947 [Note] Shutting down plugin 'INNODB_BUFFER_PAGE'
2015-02-09 10:00:41 13947 [Note] Shutting down plugin 'INNODB_CMP_PER_INDEX_RESET'
2015-02-09 10:00:41 13947 [Note] Shutting down plugin 'INNODB_CMP_PER_INDEX'
2015-02-09 10:00:41 13947 [Note] Shutting down plugin 'INNODB_CMPMEM_RESET'
2015-02-09 10:00:41 13947 [Note] Shutting down plugin 'INNODB_CMPMEM'
2015-02-09 10:00:41 13947 [Note] Shutting down plugin 'INNODB_CMP_RESET'
2015-02-09 10:00:41 13947 [Note] Shutting down plugin 'INNODB_CMP'
2015-02-09 10:00:41 13947 [Note] Shutting down plugin 'INNODB_LOCK_WAITS'
2015-02-09 10:00:41 13947 [Note] Shutting down plugin 'INNODB_LOCKS'
2015-02-09 10:00:41 13947 [Note] Shutting down plugin 'INNODB_TRX'
2015-02-09 10:00:41 13947 [Note] Shutting down plugin 'InnoDB'
2015-02-09 10:00:41 13947 [Note] InnoDB: FTS optimize thread exiting.
2015-02-09 10:00:41 13947 [Note] InnoDB: Starting shutdown...
2015-02-09 10:00:42 13947 [Note] InnoDB: Shutdown completed; log sequence number 1635365
2015-02-09 10:00:42 13947 [Note] Shutting down plugin 'BLACKHOLE'
2015-02-09 10:00:42 13947 [Note] Shutting down plugin 'MyISAM'
2015-02-09 10:00:42 13947 [Note] Shutting down plugin 'MEMORY'
2015-02-09 10:00:42 13947 [Note] Shutting down plugin 'CSV'
2015-02-09 10:00:42 13947 [Note] Shutting down plugin 'MRG_MYISAM'
2015-02-09 10:00:42 13947 [Note] Shutting down plugin 'sha256_password'
2015-02-09 10:00:42 13947 [Note] Shutting down plugin 'mysql_old_password'
2015-02-09 10:00:42 13947 [Note] Shutting down plugin 'mysql_native_password'
2015-02-09 10:00:42 13947 [Note] Shutting down plugin 'binlog'
2015-02-09 10:00:42 13947 [Note] /home/action/.parts/packages/mysql/5.6.13/bin/mysqld: Shutdown complete

150209 10:00:43 mysqld_safe mysqld from pid file /home/action/.parts/var/mysql/intense-thunder-13-192951.pid ended
150210 02:50:25 mysqld_safe Starting mysqld daemon with databases from /home/action/.parts/var/mysql
2015-02-10 02:50:26 0 [Warning] TIMESTAMP with implicit DEFAULT value is deprecated. Please use --explicit_defaults_for_timestamp server option (see documentation for more details).
2015-02-10 02:50:26 464 [Note] Plugin 'FEDERATED' is disabled.
2015-02-10 02:50:26 464 [Note] InnoDB: The InnoDB memory heap is disabled
2015-02-10 02:50:26 464 [Note] InnoDB: Mutexes and rw_locks use GCC atomic builtins
2015-02-10 02:50:26 464 [Note] InnoDB: Compressed tables use zlib 1.2.3
2015-02-10 02:50:26 464 [Note] InnoDB: Using CPU crc32 instructions
2015-02-10 02:50:26 464 [Note] InnoDB: Initializing buffer pool, size = 128.0M
2015-02-10 02:50:26 464 [Note] InnoDB: Completed initialization of buffer pool
2015-02-10 02:50:26 464 [Note] InnoDB: Highest supported file format is Barracuda.
2015-02-10 02:50:26 464 [Note] InnoDB: 128 rollback segment(s) are active.
2015-02-10 02:50:26 464 [Note] InnoDB: Waiting for purge to start
2015-02-10 02:50:26 464 [Note] InnoDB: 5.6.13 started; log sequence number 1635365
2015-02-10 02:50:26 464 [Note] RSA private key file not found: /home/action/.parts/var/mysql//private_key.pem. Some authentication plugins will not work.
2015-02-10 02:50:26 464 [Note] RSA public key file not found: /home/action/.parts/var/mysql//public_key.pem. Some authentication plugins will not work.
2015-02-10 02:50:26 464 [Note] Server hostname (bind-address): '*'; port: 3306
2015-02-10 02:50:26 464 [Note] IPv6 is available.
2015-02-10 02:50:26 464 [Note]   - '::' resolves to '::';
2015-02-10 02:50:26 464 [Note] Server socket created on IP: '::'.
2015-02-10 02:50:26 464 [Note] Event Scheduler: Loaded 0 events
2015-02-10 02:50:26 464 [Note] /home/action/.parts/packages/mysql/5.6.13/bin/mysqld: ready for connections.
Version: '5.6.13'  socket: '/tmp/mysql.sock'  port: 3306  Source distribution
